[2025-08-08 23:10:55] Error while retrieving ----- YOUTUBE -----: Error: unsupported URL: ----- YOUTUBE -----
[2025-08-08 23:10:55] Error while retrieving ----- MISCELLANEOUS -----: Error: unsupported URL: ----- MISCELLANEOUS -----
[2025-08-08 23:10:55] Error while retrieving ----- NOS NEWS -----: Error: unsupported URL: ----- NOS NEWS -----
[2025-08-08 23:10:55] Error while retrieving ----- DISTROWATCH -----: Error: unsupported URL: ----- DISTROWATCH -----
[2025-08-08 23:10:55] Error while retrieving ----- LINUX NEWS -----: Error: unsupported URL: ----- LINUX NEWS -----
[2025-08-08 23:10:55] Error while retrieving ----- GENERAL IT NEWS -----: Error: unsupported URL: ----- GENERAL IT NEWS -----
[2025-08-08 23:11:05] Error while retrieving https://tilvids.com/feeds/videos.xml?sort=-hot: Timeout was reached
[2025-08-09 09:19:31] Error while retrieving ----- LINUX NEWS -----: Error: unsupported URL: ----- LINUX NEWS -----
[2025-08-09 09:19:31] Error while retrieving ----- DISTROWATCH -----: Error: unsupported URL: ----- DISTROWATCH -----
[2025-08-09 09:19:31] Error while retrieving ----- NOS NEWS -----: Error: unsupported URL: ----- NOS NEWS -----
[2025-08-09 09:19:31] Error while retrieving ----- MISCELLANEOUS -----: Error: unsupported URL: ----- MISCELLANEOUS -----
[2025-08-09 09:19:31] Error while retrieving ----- YOUTUBE -----: Error: unsupported URL: ----- YOUTUBE -----
[2025-08-09 09:19:31] Error while retrieving ----- GENERAL IT NEWS -----: Error: unsupported URL: ----- GENERAL IT NEWS -----
[2025-08-09 09:19:41] Error while retrieving https://tilvids.com/feeds/videos.xml?sort=-hot: Timeout was reached
[2025-08-09 09:19:52] Error while retrieving ----- MISCELLANEOUS -----: Error: unsupported URL: ----- MISCELLANEOUS -----
[2025-08-09 09:19:52] Error while retrieving ----- DISTROWATCH -----: Error: unsupported URL: ----- DISTROWATCH -----
[2025-08-09 09:19:52] Error while retrieving ----- YOUTUBE -----: Error: unsupported URL: ----- YOUTUBE -----
[2025-08-09 09:19:52] Error while retrieving ----- LINUX NEWS -----: Error: unsupported URL: ----- LINUX NEWS -----
[2025-08-09 09:19:52] Error while retrieving ----- NOS NEWS -----: Error: unsupported URL: ----- NOS NEWS -----
[2025-08-09 09:19:52] Error while retrieving ----- GENERAL IT NEWS -----: Error: unsupported URL: ----- GENERAL IT NEWS -----
[2025-08-09 16:05:49] Error while retrieving ----- MISCELLANEOUS -----: Error: unsupported URL: ----- MISCELLANEOUS -----
[2025-08-09 16:05:49] Error while retrieving ----- YOUTUBE -----: Error: unsupported URL: ----- YOUTUBE -----
[2025-08-09 16:05:49] Error while retrieving ----- NOS NEWS -----: Error: unsupported URL: ----- NOS NEWS -----
[2025-08-09 16:05:49] Error while retrieving ----- GENERAL IT NEWS -----: Error: unsupported URL: ----- GENERAL IT NEWS -----
[2025-08-09 16:05:49] Error while retrieving ----- DISTROWATCH -----: Error: unsupported URL: ----- DISTROWATCH -----
[2025-08-09 16:05:49] Error while retrieving ----- LINUX NEWS -----: Error: unsupported URL: ----- LINUX NEWS -----
[2025-08-09 16:05:59] Error while retrieving https://tilvids.com/feeds/videos.xml?sort=-hot: Timeout was reached
[2025-08-11 11:36:23] Error while retrieving ----- DISTROWATCH -----: Error: unsupported URL: ----- DISTROWATCH -----
[2025-08-11 11:36:23] Error while retrieving ----- MISCELLANEOUS -----: Error: unsupported URL: ----- MISCELLANEOUS -----
[2025-08-11 11:36:23] Error while retrieving ----- GENERAL IT NEWS -----: Error: unsupported URL: ----- GENERAL IT NEWS -----
[2025-08-11 11:36:23] Error while retrieving ----- YOUTUBE -----: Error: unsupported URL: ----- YOUTUBE -----
[2025-08-11 11:36:23] Error while retrieving ----- LINUX NEWS -----: Error: unsupported URL: ----- LINUX NEWS -----
[2025-08-11 11:36:23] Error while retrieving ----- NOS NEWS -----: Error: unsupported URL: ----- NOS NEWS -----
[2025-08-11 11:36:33] Error while retrieving https://tilvids.com/feeds/videos.xml?sort=-hot: Timeout was reached
[2025-08-11 11:37:15] Error while retrieving ----- MISCELLANEOUS -----: Error: unsupported URL: ----- MISCELLANEOUS -----
[2025-08-11 11:37:15] Error while retrieving ----- GENERAL IT NEWS -----: Error: unsupported URL: ----- GENERAL IT NEWS -----
[2025-08-11 11:37:15] Error while retrieving ----- LINUX NEWS -----: Error: unsupported URL: ----- LINUX NEWS -----
[2025-08-11 11:37:15] Error while retrieving ----- YOUTUBE -----: Error: unsupported URL: ----- YOUTUBE -----
[2025-08-11 11:37:15] Error while retrieving ----- NOS NEWS -----: Error: unsupported URL: ----- NOS NEWS -----
[2025-08-11 11:37:15] Error while retrieving ----- DISTROWATCH -----: Error: unsupported URL: ----- DISTROWATCH -----
[2025-08-11 20:55:57] Error while retrieving ----- DISTROWATCH -----: Error: unsupported URL: ----- DISTROWATCH -----
[2025-08-11 20:55:57] Error while retrieving ----- MISCELLANEOUS -----: Error: unsupported URL: ----- MISCELLANEOUS -----
[2025-08-11 20:55:57] Error while retrieving ----- YOUTUBE -----: Error: unsupported URL: ----- YOUTUBE -----
[2025-08-11 20:55:57] Error while retrieving ----- GENERAL IT NEWS -----: Error: unsupported URL: ----- GENERAL IT NEWS -----
[2025-08-11 20:55:57] Error while retrieving ----- LINUX NEWS -----: Error: unsupported URL: ----- LINUX NEWS -----
[2025-08-11 20:55:57] Error while retrieving ----- NOS NEWS -----: Error: unsupported URL: ----- NOS NEWS -----
[2025-08-11 20:56:07] Error while retrieving https://tilvids.com/feeds/videos.xml?sort=-hot: Timeout was reached
[2025-08-11 20:57:33] Error while retrieving ----- YOUTUBE -----: Error: unsupported URL: ----- YOUTUBE -----
[2025-08-11 20:57:33] Error while retrieving ----- NOS NEWS -----: Error: unsupported URL: ----- NOS NEWS -----
[2025-08-11 20:57:33] Error while retrieving ----- GENERAL IT NEWS -----: Error: unsupported URL: ----- GENERAL IT NEWS -----
[2025-08-11 20:57:33] Error while retrieving ----- DISTROWATCH -----: Error: unsupported URL: ----- DISTROWATCH -----
[2025-08-11 20:57:33] Error while retrieving ----- LINUX NEWS -----: Error: unsupported URL: ----- LINUX NEWS -----
[2025-08-11 20:57:33] Error while retrieving ----- MISCELLANEOUS -----: Error: unsupported URL: ----- MISCELLANEOUS -----
[2025-08-12 09:00:56] Error while retrieving ----- GENERAL IT NEWS -----: Error: unsupported URL: ----- GENERAL IT NEWS -----
[2025-08-12 09:00:56] Error while retrieving ----- NOS NEWS -----: Error: unsupported URL: ----- NOS NEWS -----
[2025-08-12 09:00:56] Error while retrieving ----- YOUTUBE -----: Error: unsupported URL: ----- YOUTUBE -----
[2025-08-12 09:00:56] Error while retrieving ----- MISCELLANEOUS -----: Error: unsupported URL: ----- MISCELLANEOUS -----
[2025-08-12 09:00:56] Error while retrieving ----- DISTROWATCH -----: Error: unsupported URL: ----- DISTROWATCH -----
[2025-08-12 09:00:56] Error while retrieving ----- LINUX NEWS -----: Error: unsupported URL: ----- LINUX NEWS -----
[2025-08-12 09:01:06] Error while retrieving https://tilvids.com/feeds/videos.xml?sort=-hot: Timeout was reached
[2025-08-12 09:10:56] Error while retrieving ----- GENERAL IT NEWS -----: Error: unsupported URL: ----- GENERAL IT NEWS -----
[2025-08-12 09:10:56] Error while retrieving ----- YOUTUBE -----: Error: unsupported URL: ----- YOUTUBE -----
[2025-08-12 09:10:56] Error while retrieving ----- NOS NEWS -----: Error: unsupported URL: ----- NOS NEWS -----
[2025-08-12 09:10:57] Error while retrieving ----- MISCELLANEOUS -----: Error: unsupported URL: ----- MISCELLANEOUS -----
[2025-08-12 09:10:57] Error while retrieving ----- LINUX NEWS -----: Error: unsupported URL: ----- LINUX NEWS -----
[2025-08-12 09:10:57] Error while retrieving ----- DISTROWATCH -----: Error: unsupported URL: ----- DISTROWATCH -----
[2025-08-12 09:20:56] Error while retrieving ----- MISCELLANEOUS -----: Error: unsupported URL: ----- MISCELLANEOUS -----
[2025-08-12 09:20:56] Error while retrieving ----- NOS NEWS -----: Error: unsupported URL: ----- NOS NEWS -----
[2025-08-12 09:20:56] Error while retrieving ----- DISTROWATCH -----: Error: unsupported URL: ----- DISTROWATCH -----
[2025-08-12 09:20:57] Error while retrieving ----- YOUTUBE -----: Error: unsupported URL: ----- YOUTUBE -----
[2025-08-12 09:20:57] Error while retrieving ----- GENERAL IT NEWS -----: Error: unsupported URL: ----- GENERAL IT NEWS -----
[2025-08-12 09:20:57] Error while retrieving ----- LINUX NEWS -----: Error: unsupported URL: ----- LINUX NEWS -----
[2025-08-12 09:21:06] Error while retrieving https://tilvids.com/feeds/videos.xml?sort=-hot: Timeout was reached
[2025-08-12 09:22:23] Error while retrieving ----- MISCELLANEOUS -----: Error: unsupported URL: ----- MISCELLANEOUS -----
[2025-08-12 09:22:23] Error while retrieving ----- LINUX NEWS -----: Error: unsupported URL: ----- LINUX NEWS -----
[2025-08-12 09:22:23] Error while retrieving ----- YOUTUBE -----: Error: unsupported URL: ----- YOUTUBE -----
[2025-08-12 09:22:23] Error while retrieving ----- NOS NEWS -----: Error: unsupported URL: ----- NOS NEWS -----
[2025-08-12 09:22:23] Error while retrieving ----- GENERAL IT NEWS -----: Error: unsupported URL: ----- GENERAL IT NEWS -----
[2025-08-12 09:22:23] Error while retrieving ----- DISTROWATCH -----: Error: unsupported URL: ----- DISTROWATCH -----
[2025-08-12 09:22:47] Error while retrieving ----- GENERAL IT NEWS -----: Error: unsupported URL: ----- GENERAL IT NEWS -----
[2025-08-12 09:22:47] Error while retrieving ----- YOUTUBE -----: Error: unsupported URL: ----- YOUTUBE -----
[2025-08-12 09:22:47] Error while retrieving ----- DISTROWATCH -----: Error: unsupported URL: ----- DISTROWATCH -----
[2025-08-12 09:22:47] Error while retrieving ----- NOS NEWS -----: Error: unsupported URL: ----- NOS NEWS -----
[2025-08-12 09:22:47] Error while retrieving ----- LINUX NEWS -----: Error: unsupported URL: ----- LINUX NEWS -----
[2025-08-12 09:22:47] Error while retrieving ----- MISCELLANEOUS -----: Error: unsupported URL: ----- MISCELLANEOUS -----
[2025-08-12 09:23:12] Error while retrieving ----- MISCELLANEOUS -----: Error: unsupported URL: ----- MISCELLANEOUS -----
[2025-08-12 09:23:12] Error while retrieving ----- DISTROWATCH -----: Error: unsupported URL: ----- DISTROWATCH -----
[2025-08-12 09:23:12] Error while retrieving ----- NOS NEWS -----: Error: unsupported URL: ----- NOS NEWS -----
[2025-08-12 09:23:12] Error while retrieving ----- LINUX NEWS -----: Error: unsupported URL: ----- LINUX NEWS -----
[2025-08-12 09:23:12] Error while retrieving ----- YOUTUBE -----: Error: unsupported URL: ----- YOUTUBE -----
[2025-08-12 09:23:12] Error while retrieving ----- GENERAL IT NEWS -----: Error: unsupported URL: ----- GENERAL IT NEWS -----
[2025-08-12 09:23:36] Error while retrieving ----- LINUX NEWS -----: Error: unsupported URL: ----- LINUX NEWS -----
[2025-08-12 09:23:36] Error while retrieving ----- DISTROWATCH -----: Error: unsupported URL: ----- DISTROWATCH -----
[2025-08-12 09:23:36] Error while retrieving ----- NOS NEWS -----: Error: unsupported URL: ----- NOS NEWS -----
[2025-08-12 09:23:36] Error while retrieving ----- GENERAL IT NEWS -----: Error: unsupported URL: ----- GENERAL IT NEWS -----
[2025-08-12 09:23:36] Error while retrieving ----- YOUTUBE -----: Error: unsupported URL: ----- YOUTUBE -----
[2025-08-12 09:23:36] Error while retrieving ----- MISCELLANEOUS -----: Error: unsupported URL: ----- MISCELLANEOUS -----
[2025-08-12 19:34:43] Error while retrieving ----- DISTROWATCH -----: Error: unsupported URL: ----- DISTROWATCH -----
[2025-08-12 19:34:43] Error while retrieving ----- MISCELLANEOUS -----: Error: unsupported URL: ----- MISCELLANEOUS -----
[2025-08-12 19:34:43] Error while retrieving ----- YOUTUBE -----: Error: unsupported URL: ----- YOUTUBE -----
[2025-08-12 19:34:43] Error while retrieving ----- NOS NEWS -----: Error: unsupported URL: ----- NOS NEWS -----
[2025-08-12 19:34:43] Error while retrieving ----- LINUX NEWS -----: Error: unsupported URL: ----- LINUX NEWS -----
[2025-08-12 19:34:43] Error while retrieving ----- GENERAL IT NEWS -----: Error: unsupported URL: ----- GENERAL IT NEWS -----
[2025-08-13 15:02:13] Error while retrieving ----- LINUX NEWS -----: Error: unsupported URL: ----- LINUX NEWS -----
[2025-08-13 15:02:13] Error while retrieving ----- YOUTUBE -----: Error: unsupported URL: ----- YOUTUBE -----
[2025-08-13 15:02:13] Error while retrieving ----- MISCELLANEOUS -----: Error: unsupported URL: ----- MISCELLANEOUS -----
[2025-08-13 15:02:13] Error while retrieving ----- DISTROWATCH -----: Error: unsupported URL: ----- DISTROWATCH -----
[2025-08-13 15:02:13] Error while retrieving ----- GENERAL IT NEWS -----: Error: unsupported URL: ----- GENERAL IT NEWS -----
[2025-08-13 15:02:13] Error while retrieving ----- NOS NEWS -----: Error: unsupported URL: ----- NOS NEWS -----
[2025-08-13 15:02:23] Error while retrieving https://tilvids.com/feeds/videos.xml?sort=-hot: Timeout was reached
[2025-08-13 15:12:13] Error while retrieving ----- NOS NEWS -----: Error: unsupported URL: ----- NOS NEWS -----
[2025-08-13 15:12:13] Error while retrieving ----- MISCELLANEOUS -----: Error: unsupported URL: ----- MISCELLANEOUS -----
[2025-08-13 15:12:13] Error while retrieving ----- LINUX NEWS -----: Error: unsupported URL: ----- LINUX NEWS -----
[2025-08-13 15:12:13] Error while retrieving ----- YOUTUBE -----: Error: unsupported URL: ----- YOUTUBE -----
[2025-08-13 15:12:13] Error while retrieving ----- GENERAL IT NEWS -----: Error: unsupported URL: ----- GENERAL IT NEWS -----
[2025-08-13 15:12:13] Error while retrieving ----- DISTROWATCH -----: Error: unsupported URL: ----- DISTROWATCH -----
[2025-08-13 15:22:13] Error while retrieving ----- DISTROWATCH -----: Error: unsupported URL: ----- DISTROWATCH -----
[2025-08-13 15:22:13] Error while retrieving ----- LINUX NEWS -----: Error: unsupported URL: ----- LINUX NEWS -----
[2025-08-13 15:22:13] Error while retrieving ----- YOUTUBE -----: Error: unsupported URL: ----- YOUTUBE -----
[2025-08-13 15:22:13] Error while retrieving ----- GENERAL IT NEWS -----: Error: unsupported URL: ----- GENERAL IT NEWS -----
[2025-08-13 15:22:13] Error while retrieving ----- MISCELLANEOUS -----: Error: unsupported URL: ----- MISCELLANEOUS -----
[2025-08-13 15:22:13] Error while retrieving ----- NOS NEWS -----: Error: unsupported URL: ----- NOS NEWS -----
[2025-08-13 15:22:23] Error while retrieving https://tilvids.com/feeds/videos.xml?sort=-hot: Timeout was reached
[2025-08-13 15:32:13] Error while retrieving ----- YOUTUBE -----: Error: unsupported URL: ----- YOUTUBE -----
[2025-08-13 15:32:13] Error while retrieving ----- GENERAL IT NEWS -----: Error: unsupported URL: ----- GENERAL IT NEWS -----
[2025-08-13 15:32:13] Error while retrieving ----- DISTROWATCH -----: Error: unsupported URL: ----- DISTROWATCH -----
[2025-08-13 15:32:13] Error while retrieving ----- NOS NEWS -----: Error: unsupported URL: ----- NOS NEWS -----
[2025-08-13 15:32:13] Error while retrieving ----- MISCELLANEOUS -----: Error: unsupported URL: ----- MISCELLANEOUS -----
[2025-08-13 15:32:13] Error while retrieving ----- LINUX NEWS -----: Error: unsupported URL: ----- LINUX NEWS -----
[2025-08-13 15:42:13] Error while retrieving ----- GENERAL IT NEWS -----: Error: unsupported URL: ----- GENERAL IT NEWS -----
[2025-08-13 15:42:13] Error while retrieving ----- YOUTUBE -----: Error: unsupported URL: ----- YOUTUBE -----
[2025-08-13 15:42:13] Error while retrieving ----- MISCELLANEOUS -----: Error: unsupported URL: ----- MISCELLANEOUS -----
[2025-08-13 15:42:13] Error while retrieving ----- DISTROWATCH -----: Error: unsupported URL: ----- DISTROWATCH -----
[2025-08-13 15:42:13] Error while retrieving ----- NOS NEWS -----: Error: unsupported URL: ----- NOS NEWS -----
[2025-08-13 15:42:13] Error while retrieving ----- LINUX NEWS -----: Error: unsupported URL: ----- LINUX NEWS -----
[2025-08-13 15:42:23] Error while retrieving https://tilvids.com/feeds/videos.xml?sort=-hot: Timeout was reached
[2025-08-13 15:52:13] Error while retrieving ----- GENERAL IT NEWS -----: Error: unsupported URL: ----- GENERAL IT NEWS -----
[2025-08-13 15:52:13] Error while retrieving ----- YOUTUBE -----: Error: unsupported URL: ----- YOUTUBE -----
[2025-08-13 15:52:13] Error while retrieving ----- DISTROWATCH -----: Error: unsupported URL: ----- DISTROWATCH -----
[2025-08-13 15:52:13] Error while retrieving ----- MISCELLANEOUS -----: Error: unsupported URL: ----- MISCELLANEOUS -----
[2025-08-13 15:52:13] Error while retrieving ----- LINUX NEWS -----: Error: unsupported URL: ----- LINUX NEWS -----
[2025-08-13 15:52:13] Error while retrieving ----- NOS NEWS -----: Error: unsupported URL: ----- NOS NEWS -----
[2025-08-13 19:46:02] Error while retrieving ----- MISCELLANEOUS -----: Error: unsupported URL: ----- MISCELLANEOUS -----
[2025-08-13 19:46:02] Error while retrieving ----- GENERAL IT NEWS -----: Error: unsupported URL: ----- GENERAL IT NEWS -----
[2025-08-13 19:46:02] Error while retrieving ----- NOS NEWS -----: Error: unsupported URL: ----- NOS NEWS -----
[2025-08-13 19:46:02] Error while retrieving ----- YOUTUBE -----: Error: unsupported URL: ----- YOUTUBE -----
[2025-08-13 19:46:02] Error while retrieving ----- DISTROWATCH -----: Error: unsupported URL: ----- DISTROWATCH -----
[2025-08-13 19:46:02] Error while retrieving ----- LINUX NEWS -----: Error: unsupported URL: ----- LINUX NEWS -----
[2025-08-14 20:12:16] Error while retrieving ----- MISCELLANEOUS -----: Error: unsupported URL: ----- MISCELLANEOUS -----
[2025-08-14 20:12:16] Error while retrieving ----- GENERAL IT NEWS -----: Error: unsupported URL: ----- GENERAL IT NEWS -----
[2025-08-14 20:12:16] Error while retrieving ----- YOUTUBE -----: Error: unsupported URL: ----- YOUTUBE -----
[2025-08-14 20:12:16] Error while retrieving ----- NOS NEWS -----: Error: unsupported URL: ----- NOS NEWS -----
[2025-08-14 20:12:16] Error while retrieving ----- DISTROWATCH -----: Error: unsupported URL: ----- DISTROWATCH -----
[2025-08-14 20:12:16] Error while retrieving ----- LINUX NEWS -----: Error: unsupported URL: ----- LINUX NEWS -----
[2025-08-14 20:12:26] Error while retrieving https://tilvids.com/feeds/videos.xml?sort=-hot: Timeout was reached
[2025-08-15 15:22:25] Error while retrieving ----- GENERAL IT NEWS -----: Error: unsupported URL: ----- GENERAL IT NEWS -----
[2025-08-15 15:22:25] Error while retrieving ----- LINUX NEWS -----: Error: unsupported URL: ----- LINUX NEWS -----
[2025-08-15 15:22:25] Error while retrieving ----- NOS NEWS -----: Error: unsupported URL: ----- NOS NEWS -----
[2025-08-15 15:22:25] Error while retrieving ----- YOUTUBE -----: Error: unsupported URL: ----- YOUTUBE -----
[2025-08-15 15:22:25] Error while retrieving ----- MISCELLANEOUS -----: Error: unsupported URL: ----- MISCELLANEOUS -----
[2025-08-15 15:22:25] Error while retrieving ----- DISTROWATCH -----: Error: unsupported URL: ----- DISTROWATCH -----
[2025-08-15 15:22:35] Error while retrieving https://tilvids.com/feeds/videos.xml?sort=-hot: Timeout was reached
